2017-12-24 00:02:36 INFO 1 send email: qqqqqqqqqqqqqqq, qqqqqqqq - to 
2017-12-24 00:06:10 INFO 1 send email: qqqqqqqqqqqqqqq, qqqqqqqqqq - to 
2017-12-24 00:07:18 INFO 1 send email: wwwwwwwwwwwwww, wwwwwwwwwww - to 
2017-12-24 00:07:56 INFO empty system email: Array
2017-12-24 00:07:56 INFO 1 send email: 11111111111111, 1111111111 - to 
2017-12-24 00:08:16 INFO empty system email: 1
2017-12-24 00:08:16 INFO 1 send email: wwwwwwwwwwwwww, wwwwwwwww - to 
2017-12-24 00:08:42 INFO empty system email: 1>>>
2017-12-24 00:08:42 INFO 1 send email: qqqqqqqqqqqqqq, qqqqqqqqqqqqqq - to 
2017-12-24 00:09:52 INFO empty system email: 1>>>konstantin.shydlo@gmail.com
2017-12-24 00:09:52 INFO 1 send email: 1111111111111111, 11111111111 - to konstantin.shydlo@gmail.com
2017-12-24 00:14:03 INFO 1 send email: 11111111111111, 1111111111 - to konstantin.shydlo@gmail.com
2017-12-24 00:15:06 INFO 1 send email: 111111111111111, 11111111111 - to konstantin.shydlo@gmail.com
2017-12-24 00:16:45 INFO 1 Send email: wwwwwwwwwwwwwwwww, wwwwwwwww - to konstantin.shydlo@gmail.com
2017-12-24 00:17:00 INFO Empty system email: wwwwwwwwwwwwww, wwwwwwwww
2017-12-24 00:17:15 INFO Empty system email: wwwwwwwwwwwwww, wwwwwwwww
2017-12-24 00:18:17 INFO 1 Send email: wwwwwwwwwwwwww, wwwwwwwww - to augustova@mail.ru
2017-12-24 00:19:47 INFO 1 Send email: 111111111111111111, 1111111111111111111 - to augustova@mail.ru
2017-12-24 00:21:01 INFO Email sended: sssssssssssssssssss, ssssssssss - to augustova@mail.ru
2017-12-24 00:23:31 INFO Email sended: sssssssssssssssssss, ssssssssss - to augustova@mail.ru
2017-12-24 00:25:06 INFO Email sended: qqqqqqqqqqqq, qqqqqqqqqq - to augustova@mail.ru
2017-12-24 00:26:18 INFO Email sended: 222222222222222, 222222222 - to augustova@mail.ru
2017-12-24 00:43:56 INFO Email sended: wwwwwwwwwww, wwwwwwwwwwwwww - to augustova@mail.ru
